# JRE version: OpenJDK Runtime Environment Temurin-17.0.3+7 (17.0.3+7) (build 17.0.3+7)
# Java VM: OpenJDK 64-Bit Server VM Temurin-17.0.3+7 (17.0.3+7, mixed mode, tiered, compressed oops, compressed class ptrs, parallel gc, windows-amd64)
GC Precious Log:
 CPUs: 4 total, 4 available
 Memory: 4007M
 Large Page Support: Disabled
 NUMA Support: Disabled
 Compressed Oops: Enabled (32-bit)
 Alignments: Space 512K, Generation 512K, Heap 2M
 Heap Min Capacity: 100M
 Heap Initial Capacity: 100M
 Heap Max Capacity: 1G
 Pre-touch: Disabled
 Parallel Workers: 4
Heap:
 PSYoungGen      total 24064K, used 7057K [0x00000000eab00000, 0x00000000ec680000, 0x0000000100000000)
  eden space 22016K, 24% used [0x00000000eab00000,0x00000000eb031f28,0x00000000ec080000)
  from space 2048K, 84% used [0x00000000ec480000,0x00000000ec632850,0x00000000ec680000)
  to   space 2048K, 0% used [0x00000000ec280000,0x00000000ec280000,0x00000000ec480000)
 ParOldGen       total 68608K, used 31357K [0x00000000c0000000, 0x00000000c4300000, 0x00000000eab00000)
  object space 68608K, 45% used [0x00000000c0000000,0x00000000c1e9f738,0x00000000c4300000)
 Metaspace       used 55820K, committed 56576K, reserved 1105920K
  class space    used 6025K, committed 6336K, reserved 1048576K
GC Heap History (20 events):
Event: 35.086 GC heap before
{Heap before GC invocations=9 (full 2):
 PSYoungGen      total 27136K, used 26738K [0x00000000eab00000, 0x00000000eca00000, 0x0000000100000000)
  eden space 25088K, 100% used [0x00000000eab00000,0x00000000ec380000,0x00000000ec380000)
  from space 2048K, 80% used [0x00000000ec800000,0x00000000ec99cb18,0x00000000eca00000)
  to   space 2560K, 0% used [0x00000000ec500000,0x00000000ec500000,0x00000000ec780000)
 ParOldGen       total 68608K, used 11770K [0x00000000c0000000, 0x00000000c4300000, 0x00000000eab00000)
  object space 68608K, 17% used [0x00000000c0000000,0x00000000c0b7ea90,0x00000000c4300000)
 Metaspace       used 47155K, committed 47744K, reserved 1097728K
  class space    used 5120K, committed 5376K, reserved 1048576K
}
Event: 35.093 GC heap after
{Heap after GC invocations=9 (full 2):
 PSYoungGen      total 27136K, used 2545K [0x00000000eab00000, 0x00000000ece00000, 0x0000000100000000)
  eden space 24576K, 0% used [0x00000000eab00000,0x00000000eab00000,0x00000000ec300000)
  from space 2560K, 99% used [0x00000000ec500000,0x00000000ec77c760,0x00000000ec780000)
  to   space 5632K, 0% used [0x00000000ec880000,0x00000000ec880000,0x00000000ece00000)
 ParOldGen       total 68608K, used 14110K [0x00000000c0000000, 0x00000000c4300000, 0x00000000eab00000)
  object space 68608K, 20% used [0x00000000c0000000,0x00000000c0dc79b0,0x00000000c4300000)
 Metaspace       used 47155K, committed 47744K, reserved 1097728K
  class space    used 5120K, committed 5376K, reserved 1048576K
}
Event: 36.291 GC heap before
{Heap before GC invocations=10 (full 2):
 PSYoungGen      total 27136K, used 27121K [0x00000000eab00000, 0x00000000ece00000, 0x0000000100000000)
  eden space 24576K, 99% used [0x00000000eab00000,0x00000000ec2fffc0,0x00000000ec300000)
  from space 2560K, 99% used [0x00000000ec500000,0x00000000ec77c760,0x00000000ec780000)
  to   space 5632K, 0% used [0x00000000ec880000,0x00000000ec880000,0x00000000ece00000)
 ParOldGen       total 68608K, used 14110K [0x00000000c0000000, 0x00000000c4300000, 0x00000000eab00000)
  object space 68608K, 20% used [0x00000000c0000000,0x00000000c0dc79b0,0x00000000c4300000)
 Metaspace       used 51246K, committed 51968K, reserved 1097728K
  class space    used 5630K, committed 5952K, reserved 1048576K
}
Event: 36.298 GC heap after
{Heap after GC invocations=10 (full 2):
 PSYoungGen      total 29696K, used 5157K [0x00000000eab00000, 0x00000000ece00000, 0x0000000100000000)
  eden space 24064K, 0% used [0x00000000eab00000,0x00000000eab00000,0x00000000ec280000)
  from space 5632K, 91% used [0x00000000ec880000,0x00000000ecd897f8,0x00000000ece00000)
  to   space 5632K, 0% used [0x00000000ec300000,0x00000000ec300000,0x00000000ec880000)
 ParOldGen       total 68608K, used 14118K [0x00000000c0000000, 0x00000000c4300000, 0x00000000eab00000)
  object space 68608K, 20% used [0x00000000c0000000,0x00000000c0dc99b0,0x00000000c4300000)
 Metaspace       used 51246K, committed 51968K, reserved 1097728K
  class space    used 5630K, committed 5952K, reserved 1048576K
}
Event: 36.502 GC heap before
{Heap before GC invocations=11 (full 2):
 PSYoungGen      total 29696K, used 29221K [0x00000000eab00000, 0x00000000ece00000, 0x0000000100000000)
  eden space 24064K, 100% used [0x00000000eab00000,0x00000000ec280000,0x00000000ec280000)
  from space 5632K, 91% used [0x00000000ec880000,0x00000000ecd897f8,0x00000000ece00000)
  to   space 5632K, 0% used [0x00000000ec300000,0x00000000ec300000,0x00000000ec880000)
 ParOldGen       total 68608K, used 14118K [0x00000000c0000000, 0x00000000c4300000, 0x00000000eab00000)
  object space 68608K, 20% used [0x00000000c0000000,0x00000000c0dc99b0,0x00000000c4300000)
 Metaspace       used 51312K, committed 52032K, reserved 1097728K
  class space    used 5634K, committed 5952K, reserved 1048576K
}
Event: 36.511 GC heap after
{Heap after GC invocations=11 (full 2):
 PSYoungGen      total 29184K, used 5631K [0x00000000eab00000, 0x00000000ed100000, 0x0000000100000000)
  eden space 23552K, 0% used [0x00000000eab00000,0x00000000eab00000,0x00000000ec200000)
  from space 5632K, 99% used [0x00000000ec300000,0x00000000ec87fc88,0x00000000ec880000)
  to   space 7680K, 0% used [0x00000000ec980000,0x00000000ec980000,0x00000000ed100000)
 ParOldGen       total 68608K, used 15476K [0x00000000c0000000, 0x00000000c4300000, 0x00000000eab00000)
  object space 68608K, 22% used [0x00000000c0000000,0x00000000c0f1d348,0x00000000c4300000)
 Metaspace       used 51312K, committed 52032K, reserved 1097728K
  class space    used 5634K, committed 5952K, reserved 1048576K
}
Event: 36.643 GC heap before
{Heap before GC invocations=12 (full 2):
 PSYoungGen      total 29184K, used 29183K [0x00000000eab00000, 0x00000000ed100000, 0x0000000100000000)
  eden space 23552K, 100% used [0x00000000eab00000,0x00000000ec200000,0x00000000ec200000)
  from space 5632K, 99% used [0x00000000ec300000,0x00000000ec87fc88,0x00000000ec880000)
  to   space 7680K, 0% used [0x00000000ec980000,0x00000000ec980000,0x00000000ed100000)
 ParOldGen       total 68608K, used 15476K [0x00000000c0000000, 0x00000000c4300000, 0x00000000eab00000)
  object space 68608K, 22% used [0x00000000c0000000,0x00000000c0f1d348,0x00000000c4300000)
 Metaspace       used 51338K, committed 52032K, reserved 1097728K
  class space    used 5634K, committed 5952K, reserved 1048576K
}
Event: 36.654 GC heap after
{Heap after GC invocations=12 (full 2):
 PSYoungGen      total 27136K, used 3776K [0x00000000eab00000, 0x00000000ecd80000, 0x0000000100000000)
  eden space 23040K, 0% used [0x00000000eab00000,0x00000000eab00000,0x00000000ec180000)
  from space 4096K, 92% used [0x00000000ec980000,0x00000000ecd30010,0x00000000ecd80000)
  to   space 5120K, 0% used [0x00000000ec380000,0x00000000ec380000,0x00000000ec880000)
 ParOldGen       total 68608K, used 19355K [0x00000000c0000000, 0x00000000c4300000, 0x00000000eab00000)
  object space 68608K, 28% used [0x00000000c0000000,0x00000000c12e6da8,0x00000000c4300000)
 Metaspace       used 51338K, committed 52032K, reserved 1097728K
  class space    used 5634K, committed 5952K, reserved 1048576K
}
Event: 36.739 GC heap before
{Heap before GC invocations=13 (full 2):
 PSYoungGen      total 27136K, used 26816K [0x00000000eab00000, 0x00000000ecd80000, 0x0000000100000000)
  eden space 23040K, 100% used [0x00000000eab00000,0x00000000ec180000,0x00000000ec180000)
  from space 4096K, 92% used [0x00000000ec980000,0x00000000ecd30010,0x00000000ecd80000)
  to   space 5120K, 0% used [0x00000000ec380000,0x00000000ec380000,0x00000000ec880000)
 ParOldGen       total 68608K, used 19355K [0x00000000c0000000, 0x00000000c4300000, 0x00000000eab00000)
  object space 68608K, 28% used [0x00000000c0000000,0x00000000c12e6da8,0x00000000c4300000)
 Metaspace       used 51346K, committed 52032K, reserved 1097728K
  class space    used 5635K, committed 5952K, reserved 1048576K
}
Event: 36.747 GC heap after
{Heap after GC invocations=13 (full 2):
 PSYoungGen      total 25088K, used 2432K [0x00000000eab00000, 0x00000000eca00000, 0x0000000100000000)
  eden space 22528K, 0% used [0x00000000eab00000,0x00000000eab00000,0x00000000ec100000)
  from space 2560K, 95% used [0x00000000ec380000,0x00000000ec5e0010,0x00000000ec600000)
  to   space 3584K, 0% used [0x00000000ec680000,0x00000000ec680000,0x00000000eca00000)
 ParOldGen       total 68608K, used 23041K [0x00000000c0000000, 0x00000000c4300000, 0x00000000eab00000)
  object space 68608K, 33% used [0x00000000c0000000,0x00000000c1680678,0x00000000c4300000)
 Metaspace       used 51346K, committed 52032K, reserved 1097728K
  class space    used 5635K, committed 5952K, reserved 1048576K
}
Event: 36.830 GC heap before
{Heap before GC invocations=14 (full 2):
 PSYoungGen      total 25088K, used 24960K [0x00000000eab00000, 0x00000000eca00000, 0x0000000100000000)
  eden space 22528K, 100% used [0x00000000eab00000,0x00000000ec100000,0x00000000ec100000)
  from space 2560K, 95% used [0x00000000ec380000,0x00000000ec5e0010,0x00000000ec600000)
  to   space 3584K, 0% used [0x00000000ec680000,0x00000000ec680000,0x00000000eca00000)
 ParOldGen       total 68608K, used 23041K [0x00000000c0000000, 0x00000000c4300000, 0x00000000eab00000)
  object space 68608K, 33% used [0x00000000c0000000,0x00000000c1680678,0x00000000c4300000)
 Metaspace       used 51346K, committed 52032K, reserved 1097728K
  class space    used 5635K, committed 5952K, reserved 1048576K
}
Event: 36.836 GC heap after
{Heap after GC invocations=14 (full 2):
 PSYoungGen      total 24064K, used 2016K [0x00000000eab00000, 0x00000000ec880000, 0x0000000100000000)
  eden space 22016K, 0% used [0x00000000eab00000,0x00000000eab00000,0x00000000ec080000)
  from space 2048K, 98% used [0x00000000ec680000,0x00000000ec878000,0x00000000ec880000)
  to   space 2560K, 0% used [0x00000000ec380000,0x00000000ec380000,0x00000000ec600000)
 ParOldGen       total 68608K, used 25422K [0x00000000c0000000, 0x00000000c4300000, 0x00000000eab00000)
  object space 68608K, 37% used [0x00000000c0000000,0x00000000c18d3bd8,0x00000000c4300000)
 Metaspace       used 51346K, committed 52032K, reserved 1097728K
  class space    used 5635K, committed 5952K, reserved 1048576K
}
Event: 36.935 GC heap before
{Heap before GC invocations=15 (full 2):
 PSYoungGen      total 24064K, used 24032K [0x00000000eab00000, 0x00000000ec880000, 0x0000000100000000)
  eden space 22016K, 100% used [0x00000000eab00000,0x00000000ec080000,0x00000000ec080000)
  from space 2048K, 98% used [0x00000000ec680000,0x00000000ec878000,0x00000000ec880000)
  to   space 2560K, 0% used [0x00000000ec380000,0x00000000ec380000,0x00000000ec600000)
 ParOldGen       total 68608K, used 25422K [0x00000000c0000000, 0x00000000c4300000, 0x00000000eab00000)
  object space 68608K, 37% used [0x00000000c0000000,0x00000000c18d3bd8,0x00000000c4300000)
 Metaspace       used 51346K, committed 52032K, reserved 1097728K
  class space    used 5635K, committed 5952K, reserved 1048576K
}
Event: 36.940 GC heap after
{Heap after GC invocations=15 (full 2):
 PSYoungGen      total 24576K, used 2048K [0x00000000eab00000, 0x00000000ec700000, 0x0000000100000000)
  eden space 22016K, 0% used [0x00000000eab00000,0x00000000eab00000,0x00000000ec080000)
  from space 2560K, 80% used [0x00000000ec380000,0x00000000ec580010,0x00000000ec600000)
  to   space 1024K, 0% used [0x00000000ec600000,0x00000000ec600000,0x00000000ec700000)
 ParOldGen       total 68608K, used 27398K [0x00000000c0000000, 0x00000000c4300000, 0x00000000eab00000)
  object space 68608K, 39% used [0x00000000c0000000,0x00000000c1ac1bd8,0x00000000c4300000)
 Metaspace       used 51346K, committed 52032K, reserved 1097728K
  class space    used 5635K, committed 5952K, reserved 1048576K
}
Event: 39.097 GC heap before
{Heap before GC invocations=16 (full 2):
 PSYoungGen      total 24576K, used 24064K [0x00000000eab00000, 0x00000000ec700000, 0x0000000100000000)
  eden space 22016K, 100% used [0x00000000eab00000,0x00000000ec080000,0x00000000ec080000)
  from space 2560K, 80% used [0x00000000ec380000,0x00000000ec580010,0x00000000ec600000)
  to   space 1024K, 0% used [0x00000000ec600000,0x00000000ec600000,0x00000000ec700000)
 ParOldGen       total 68608K, used 27398K [0x00000000c0000000, 0x00000000c4300000, 0x00000000eab00000)
  object space 68608K, 39% used [0x00000000c0000000,0x00000000c1ac1bd8,0x00000000c4300000)
 Metaspace       used 51619K, committed 52288K, reserved 1097728K
  class space    used 5651K, committed 5952K, reserved 1048576K
}
Event: 39.103 GC heap after
{Heap after GC invocations=16 (full 2):
 PSYoungGen      total 23040K, used 1024K [0x00000000eab00000, 0x00000000ec880000, 0x0000000100000000)
  eden space 22016K, 0% used [0x00000000eab00000,0x00000000eab00000,0x00000000ec080000)
  from space 1024K, 100% used [0x00000000ec600000,0x00000000ec700000,0x00000000ec700000)
  to   space 4096K, 0% used [0x00000000ec080000,0x00000000ec080000,0x00000000ec480000)
 ParOldGen       total 68608K, used 29885K [0x00000000c0000000, 0x00000000c4300000, 0x00000000eab00000)
  object space 68608K, 43% used [0x00000000c0000000,0x00000000c1d2f468,0x00000000c4300000)
 Metaspace       used 51619K, committed 52288K, reserved 1097728K
  class space    used 5651K, committed 5952K, reserved 1048576K
}
Event: 41.170 GC heap before
{Heap before GC invocations=17 (full 2):
 PSYoungGen      total 23040K, used 23040K [0x00000000eab00000, 0x00000000ec880000, 0x0000000100000000)
  eden space 22016K, 100% used [0x00000000eab00000,0x00000000ec080000,0x00000000ec080000)
  from space 1024K, 100% used [0x00000000ec600000,0x00000000ec700000,0x00000000ec700000)
  to   space 4096K, 0% used [0x00000000ec080000,0x00000000ec080000,0x00000000ec480000)
 ParOldGen       total 68608K, used 29885K [0x00000000c0000000, 0x00000000c4300000, 0x00000000eab00000)
  object space 68608K, 43% used [0x00000000c0000000,0x00000000c1d2f468,0x00000000c4300000)
 Metaspace       used 53911K, committed 54592K, reserved 1097728K
  class space    used 5858K, committed 6144K, reserved 1048576K
}
Event: 41.174 GC heap after
{Heap after GC invocations=17 (full 2):
 PSYoungGen      total 26112K, used 576K [0x00000000eab00000, 0x00000000ec680000, 0x0000000100000000)
  eden space 22016K, 0% used [0x00000000eab00000,0x00000000eab00000,0x00000000ec080000)
  from space 4096K, 14% used [0x00000000ec080000,0x00000000ec110000,0x00000000ec480000)
  to   space 2048K, 0% used [0x00000000ec480000,0x00000000ec480000,0x00000000ec680000)
 ParOldGen       total 68608K, used 30921K [0x00000000c0000000, 0x00000000c4300000, 0x00000000eab00000)
  object space 68608K, 45% used [0x00000000c0000000,0x00000000c1e327c0,0x00000000c4300000)
 Metaspace       used 53911K, committed 54592K, reserved 1097728K
  class space    used 5858K, committed 6144K, reserved 1048576K
}
Event: 45.411 GC heap before
{Heap before GC invocations=18 (full 2):
 PSYoungGen      total 26112K, used 22592K [0x00000000eab00000, 0x00000000ec680000, 0x0000000100000000)
  eden space 22016K, 100% used [0x00000000eab00000,0x00000000ec080000,0x00000000ec080000)
  from space 4096K, 14% used [0x00000000ec080000,0x00000000ec110000,0x00000000ec480000)
  to   space 2048K, 0% used [0x00000000ec480000,0x00000000ec480000,0x00000000ec680000)
 ParOldGen       total 68608K, used 30921K [0x00000000c0000000, 0x00000000c4300000, 0x00000000eab00000)
  object space 68608K, 45% used [0x00000000c0000000,0x00000000c1e327c0,0x00000000c4300000)
 Metaspace       used 55105K, committed 55872K, reserved 1105920K
  class space    used 5955K, committed 6272K, reserved 1048576K
}
Event: 45.417 GC heap after
{Heap after GC invocations=18 (full 2):
 PSYoungGen      total 24064K, used 1738K [0x00000000eab00000, 0x00000000ec680000, 0x0000000100000000)
  eden space 22016K, 0% used [0x00000000eab00000,0x00000000eab00000,0x00000000ec080000)
  from space 2048K, 84% used [0x00000000ec480000,0x00000000ec632850,0x00000000ec680000)
  to   space 2048K, 0% used [0x00000000ec280000,0x00000000ec280000,0x00000000ec480000)
 ParOldGen       total 68608K, used 31357K [0x00000000c0000000, 0x00000000c4300000, 0x00000000eab00000)
  object space 68608K, 45% used [0x00000000c0000000,0x00000000c1e9f738,0x00000000c4300000)
 Metaspace       used 55105K, committed 55872K, reserved 1105920K
  class space    used 5955K, committed 6272K, reserved 1048576K
}

