# JRE version: OpenJDK Runtime Environment Temurin-17.0.3+7 (17.0.3+7) (build 17.0.3+7)
# Java VM: OpenJDK 64-Bit Server VM Temurin-17.0.3+7 (17.0.3+7, mixed mode, tiered, compressed oops, compressed class ptrs, parallel gc, windows-amd64)
GC Precious Log:
 CPUs: 4 total, 4 available
 Memory: 4007M
 Large Page Support: Disabled
 NUMA Support: Disabled
 Compressed Oops: Enabled (32-bit)
 Alignments: Space 512K, Generation 512K, Heap 2M
 Heap Min Capacity: 100M
 Heap Initial Capacity: 100M
 Heap Max Capacity: 1G
 Pre-touch: Disabled
 Parallel Workers: 4
Heap:
 PSYoungGen      total 24576K, used 6336K [0x00000000eab00000, 0x00000000ec980000, 0x0000000100000000)
  eden space 22016K, 17% used [0x00000000eab00000,0x00000000eaec0068,0x00000000ec080000)
  from space 2560K, 97% used [0x00000000ec700000,0x00000000ec970000,0x00000000ec980000)
  to   space 3072K, 0% used [0x00000000ec380000,0x00000000ec380000,0x00000000ec680000)
 ParOldGen       total 68608K, used 25324K [0x00000000c0000000, 0x00000000c4300000, 0x00000000eab00000)
  object space 68608K, 36% used [0x00000000c0000000,0x00000000c18bb1d8,0x00000000c4300000)
 Metaspace       used 44399K, committed 45056K, reserved 1089536K
  class space    used 4789K, committed 5120K, reserved 1048576K
GC Heap History (20 events):
Event: 5.476 GC heap before
{Heap before GC invocations=5 (full 1):
 PSYoungGen      total 29696K, used 27516K [0x00000000eab00000, 0x00000000ecc00000, 0x0000000100000000)
  eden space 25600K, 100% used [0x00000000eab00000,0x00000000ec400000,0x00000000ec400000)
  from space 4096K, 46% used [0x00000000ec400000,0x00000000ec5df0a8,0x00000000ec800000)
  to   space 4096K, 0% used [0x00000000ec800000,0x00000000ec800000,0x00000000ecc00000)
 ParOldGen       total 68608K, used 7890K [0x00000000c0000000, 0x00000000c4300000, 0x00000000eab00000)
  object space 68608K, 11% used [0x00000000c0000000,0x00000000c07b4950,0x00000000c4300000)
 Metaspace       used 34640K, committed 35264K, reserved 1081344K
  class space    used 3605K, committed 3904K, reserved 1048576K
}
Event: 5.481 GC heap after
{Heap after GC invocations=5 (full 1):
 PSYoungGen      total 29696K, used 3703K [0x00000000eab00000, 0x00000000ecc00000, 0x0000000100000000)
  eden space 25600K, 0% used [0x00000000eab00000,0x00000000eab00000,0x00000000ec400000)
  from space 4096K, 90% used [0x00000000ec800000,0x00000000ecb9dd48,0x00000000ecc00000)
  to   space 4096K, 0% used [0x00000000ec400000,0x00000000ec400000,0x00000000ec800000)
 ParOldGen       total 68608K, used 7898K [0x00000000c0000000, 0x00000000c4300000, 0x00000000eab00000)
  object space 68608K, 11% used [0x00000000c0000000,0x00000000c07b6950,0x00000000c4300000)
 Metaspace       used 34640K, committed 35264K, reserved 1081344K
  class space    used 3605K, committed 3904K, reserved 1048576K
}
Event: 5.577 GC heap before
{Heap before GC invocations=6 (full 1):
 PSYoungGen      total 29696K, used 7135K [0x00000000eab00000, 0x00000000ecc00000, 0x0000000100000000)
  eden space 25600K, 13% used [0x00000000eab00000,0x00000000eae5a088,0x00000000ec400000)
  from space 4096K, 90% used [0x00000000ec800000,0x00000000ecb9dd48,0x00000000ecc00000)
  to   space 4096K, 0% used [0x00000000ec400000,0x00000000ec400000,0x00000000ec800000)
 ParOldGen       total 68608K, used 7898K [0x00000000c0000000, 0x00000000c4300000, 0x00000000eab00000)
  object space 68608K, 11% used [0x00000000c0000000,0x00000000c07b6950,0x00000000c4300000)
 Metaspace       used 35223K, committed 35840K, reserved 1081344K
  class space    used 3688K, committed 3968K, reserved 1048576K
}
Event: 5.581 GC heap after
{Heap after GC invocations=6 (full 1):
 PSYoungGen      total 29696K, used 4055K [0x00000000eab00000, 0x00000000ecd00000, 0x0000000100000000)
  eden space 25600K, 0% used [0x00000000eab00000,0x00000000eab00000,0x00000000ec400000)
  from space 4096K, 99% used [0x00000000ec400000,0x00000000ec7f5c38,0x00000000ec800000)
  to   space 4608K, 0% used [0x00000000ec880000,0x00000000ec880000,0x00000000ecd00000)
 ParOldGen       total 68608K, used 7906K [0x00000000c0000000, 0x00000000c4300000, 0x00000000eab00000)
  object space 68608K, 11% used [0x00000000c0000000,0x00000000c07b8950,0x00000000c4300000)
 Metaspace       used 35223K, committed 35840K, reserved 1081344K
  class space    used 3688K, committed 3968K, reserved 1048576K
}
Event: 5.581 GC heap before
{Heap before GC invocations=7 (full 2):
 PSYoungGen      total 29696K, used 4055K [0x00000000eab00000, 0x00000000ecd00000, 0x0000000100000000)
  eden space 25600K, 0% used [0x00000000eab00000,0x00000000eab00000,0x00000000ec400000)
  from space 4096K, 99% used [0x00000000ec400000,0x00000000ec7f5c38,0x00000000ec800000)
  to   space 4608K, 0% used [0x00000000ec880000,0x00000000ec880000,0x00000000ecd00000)
 ParOldGen       total 68608K, used 7906K [0x00000000c0000000, 0x00000000c4300000, 0x00000000eab00000)
  object space 68608K, 11% used [0x00000000c0000000,0x00000000c07b8950,0x00000000c4300000)
 Metaspace       used 35223K, committed 35840K, reserved 1081344K
  class space    used 3688K, committed 3968K, reserved 1048576K
}
Event: 5.639 GC heap after
{Heap after GC invocations=7 (full 2):
 PSYoungGen      total 29696K, used 0K [0x00000000eab00000, 0x00000000ecd00000, 0x0000000100000000)
  eden space 25600K, 0% used [0x00000000eab00000,0x00000000eab00000,0x00000000ec400000)
  from space 4096K, 0% used [0x00000000ec400000,0x00000000ec400000,0x00000000ec800000)
  to   space 4608K, 0% used [0x00000000ec880000,0x00000000ec880000,0x00000000ecd00000)
 ParOldGen       total 68608K, used 11678K [0x00000000c0000000, 0x00000000c4300000, 0x00000000eab00000)
  object space 68608K, 17% used [0x00000000c0000000,0x00000000c0b67a68,0x00000000c4300000)
 Metaspace       used 35223K, committed 35840K, reserved 1081344K
  class space    used 3688K, committed 3968K, reserved 1048576K
}
Event: 7.114 GC heap before
{Heap before GC invocations=8 (full 2):
 PSYoungGen      total 29696K, used 25600K [0x00000000eab00000, 0x00000000ecd00000, 0x0000000100000000)
  eden space 25600K, 100% used [0x00000000eab00000,0x00000000ec400000,0x00000000ec400000)
  from space 4096K, 0% used [0x00000000ec400000,0x00000000ec400000,0x00000000ec800000)
  to   space 4608K, 0% used [0x00000000ec880000,0x00000000ec880000,0x00000000ecd00000)
 ParOldGen       total 68608K, used 11678K [0x00000000c0000000, 0x00000000c4300000, 0x00000000eab00000)
  object space 68608K, 17% used [0x00000000c0000000,0x00000000c0b67a68,0x00000000c4300000)
 Metaspace       used 41192K, committed 41792K, reserved 1089536K
  class space    used 4447K, committed 4736K, reserved 1048576K
}
Event: 7.119 GC heap after
{Heap after GC invocations=8 (full 2):
 PSYoungGen      total 27648K, used 2312K [0x00000000eab00000, 0x00000000ecb00000, 0x0000000100000000)
  eden space 25088K, 0% used [0x00000000eab00000,0x00000000eab00000,0x00000000ec380000)
  from space 2560K, 90% used [0x00000000ec880000,0x00000000ecac2328,0x00000000ecb00000)
  to   space 3072K, 0% used [0x00000000ec500000,0x00000000ec500000,0x00000000ec800000)
 ParOldGen       total 68608K, used 11686K [0x00000000c0000000, 0x00000000c4300000, 0x00000000eab00000)
  object space 68608K, 17% used [0x00000000c0000000,0x00000000c0b69a68,0x00000000c4300000)
 Metaspace       used 41192K, committed 41792K, reserved 1089536K
  class space    used 4447K, committed 4736K, reserved 1048576K
}
Event: 9.418 GC heap before
{Heap before GC invocations=9 (full 2):
 PSYoungGen      total 27648K, used 27400K [0x00000000eab00000, 0x00000000ecb00000, 0x0000000100000000)
  eden space 25088K, 100% used [0x00000000eab00000,0x00000000ec380000,0x00000000ec380000)
  from space 2560K, 90% used [0x00000000ec880000,0x00000000ecac2328,0x00000000ecb00000)
  to   space 3072K, 0% used [0x00000000ec500000,0x00000000ec500000,0x00000000ec800000)
 ParOldGen       total 68608K, used 11686K [0x00000000c0000000, 0x00000000c4300000, 0x00000000eab00000)
  object space 68608K, 17% used [0x00000000c0000000,0x00000000c0b69a68,0x00000000c4300000)
 Metaspace       used 43791K, committed 44416K, reserved 1089536K
  class space    used 4742K, committed 5056K, reserved 1048576K
}
Event: 9.425 GC heap after
{Heap after GC invocations=9 (full 2):
 PSYoungGen      total 27648K, used 3047K [0x00000000eab00000, 0x00000000ece00000, 0x0000000100000000)
  eden space 24576K, 0% used [0x00000000eab00000,0x00000000eab00000,0x00000000ec300000)
  from space 3072K, 99% used [0x00000000ec500000,0x00000000ec7f9f90,0x00000000ec800000)
  to   space 5632K, 0% used [0x00000000ec880000,0x00000000ec880000,0x00000000ece00000)
 ParOldGen       total 68608K, used 13753K [0x00000000c0000000, 0x00000000c4300000, 0x00000000eab00000)
  object space 68608K, 20% used [0x00000000c0000000,0x00000000c0d6e778,0x00000000c4300000)
 Metaspace       used 43791K, committed 44416K, reserved 1089536K
  class space    used 4742K, committed 5056K, reserved 1048576K
}
Event: 9.857 GC heap before
{Heap before GC invocations=10 (full 2):
 PSYoungGen      total 27648K, used 27623K [0x00000000eab00000, 0x00000000ece00000, 0x0000000100000000)
  eden space 24576K, 100% used [0x00000000eab00000,0x00000000ec300000,0x00000000ec300000)
  from space 3072K, 99% used [0x00000000ec500000,0x00000000ec7f9f90,0x00000000ec800000)
  to   space 5632K, 0% used [0x00000000ec880000,0x00000000ec880000,0x00000000ece00000)
 ParOldGen       total 68608K, used 13753K [0x00000000c0000000, 0x00000000c4300000, 0x00000000eab00000)
  object space 68608K, 20% used [0x00000000c0000000,0x00000000c0d6e778,0x00000000c4300000)
 Metaspace       used 43967K, committed 44608K, reserved 1089536K
  class space    used 4760K, committed 5120K, reserved 1048576K
}
Event: 9.865 GC heap after
{Heap after GC invocations=10 (full 2):
 PSYoungGen      total 29184K, used 5047K [0x00000000eab00000, 0x00000000ecd80000, 0x0000000100000000)
  eden space 24064K, 0% used [0x00000000eab00000,0x00000000eab00000,0x00000000ec280000)
  from space 5120K, 98% used [0x00000000ec880000,0x00000000ecd6dfa0,0x00000000ecd80000)
  to   space 5632K, 0% used [0x00000000ec280000,0x00000000ec280000,0x00000000ec800000)
 ParOldGen       total 68608K, used 13761K [0x00000000c0000000, 0x00000000c4300000, 0x00000000eab00000)
  object space 68608K, 20% used [0x00000000c0000000,0x00000000c0d70778,0x00000000c4300000)
 Metaspace       used 43967K, committed 44608K, reserved 1089536K
  class space    used 4760K, committed 5120K, reserved 1048576K
}
Event: 10.005 GC heap before
{Heap before GC invocations=11 (full 2):
 PSYoungGen      total 29184K, used 29111K [0x00000000eab00000, 0x00000000ecd80000, 0x0000000100000000)
  eden space 24064K, 100% used [0x00000000eab00000,0x00000000ec280000,0x00000000ec280000)
  from space 5120K, 98% used [0x00000000ec880000,0x00000000ecd6dfa0,0x00000000ecd80000)
  to   space 5632K, 0% used [0x00000000ec280000,0x00000000ec280000,0x00000000ec800000)
 ParOldGen       total 68608K, used 13761K [0x00000000c0000000, 0x00000000c4300000, 0x00000000eab00000)
  object space 68608K, 20% used [0x00000000c0000000,0x00000000c0d70778,0x00000000c4300000)
 Metaspace       used 44028K, committed 44672K, reserved 1089536K
  class space    used 4770K, committed 5120K, reserved 1048576K
}
Event: 10.013 GC heap after
{Heap after GC invocations=11 (full 2):
 PSYoungGen      total 29184K, used 5615K [0x00000000eab00000, 0x00000000ed200000, 0x0000000100000000)
  eden space 23552K, 0% used [0x00000000eab00000,0x00000000eab00000,0x00000000ec200000)
  from space 5632K, 99% used [0x00000000ec280000,0x00000000ec7fbc88,0x00000000ec800000)
  to   space 8192K, 0% used [0x00000000eca00000,0x00000000eca00000,0x00000000ed200000)
 ParOldGen       total 68608K, used 15542K [0x00000000c0000000, 0x00000000c4300000, 0x00000000eab00000)
  object space 68608K, 22% used [0x00000000c0000000,0x00000000c0f2db60,0x00000000c4300000)
 Metaspace       used 44028K, committed 44672K, reserved 1089536K
  class space    used 4770K, committed 5120K, reserved 1048576K
}
Event: 10.158 GC heap before
{Heap before GC invocations=12 (full 2):
 PSYoungGen      total 29184K, used 29167K [0x00000000eab00000, 0x00000000ed200000, 0x0000000100000000)
  eden space 23552K, 100% used [0x00000000eab00000,0x00000000ec200000,0x00000000ec200000)
  from space 5632K, 99% used [0x00000000ec280000,0x00000000ec7fbc88,0x00000000ec800000)
  to   space 8192K, 0% used [0x00000000eca00000,0x00000000eca00000,0x00000000ed200000)
 ParOldGen       total 68608K, used 15542K [0x00000000c0000000, 0x00000000c4300000, 0x00000000eab00000)
  object space 68608K, 22% used [0x00000000c0000000,0x00000000c0f2db60,0x00000000c4300000)
 Metaspace       used 44028K, committed 44672K, reserved 1089536K
  class space    used 4770K, committed 5120K, reserved 1048576K
}
Event: 10.167 GC heap after
{Heap after GC invocations=12 (full 2):
 PSYoungGen      total 27648K, used 4256K [0x00000000eab00000, 0x00000000ece80000, 0x0000000100000000)
  eden space 23040K, 0% used [0x00000000eab00000,0x00000000eab00000,0x00000000ec180000)
  from space 4608K, 92% used [0x00000000eca00000,0x00000000ece28020,0x00000000ece80000)
  to   space 5632K, 0% used [0x00000000ec380000,0x00000000ec380000,0x00000000ec900000)
 ParOldGen       total 68608K, used 19020K [0x00000000c0000000, 0x00000000c4300000, 0x00000000eab00000)
  object space 68608K, 27% used [0x00000000c0000000,0x00000000c12930b0,0x00000000c4300000)
 Metaspace       used 44028K, committed 44672K, reserved 1089536K
  class space    used 4770K, committed 5120K, reserved 1048576K
}
Event: 10.314 GC heap before
{Heap before GC invocations=13 (full 2):
 PSYoungGen      total 27648K, used 27296K [0x00000000eab00000, 0x00000000ece80000, 0x0000000100000000)
  eden space 23040K, 100% used [0x00000000eab00000,0x00000000ec180000,0x00000000ec180000)
  from space 4608K, 92% used [0x00000000eca00000,0x00000000ece28020,0x00000000ece80000)
  to   space 5632K, 0% used [0x00000000ec380000,0x00000000ec380000,0x00000000ec900000)
 ParOldGen       total 68608K, used 19020K [0x00000000c0000000, 0x00000000c4300000, 0x00000000eab00000)
  object space 68608K, 27% used [0x00000000c0000000,0x00000000c12930b0,0x00000000c4300000)
 Metaspace       used 44028K, committed 44672K, reserved 1089536K
  class space    used 4770K, committed 5120K, reserved 1048576K
}
Event: 10.321 GC heap after
{Heap after GC invocations=13 (full 2):
 PSYoungGen      total 25088K, used 2304K [0x00000000eab00000, 0x00000000eca80000, 0x0000000100000000)
  eden space 22528K, 0% used [0x00000000eab00000,0x00000000eab00000,0x00000000ec100000)
  from space 2560K, 90% used [0x00000000ec380000,0x00000000ec5c0010,0x00000000ec600000)
  to   space 3584K, 0% used [0x00000000ec700000,0x00000000ec700000,0x00000000eca80000)
 ParOldGen       total 68608K, used 23084K [0x00000000c0000000, 0x00000000c4300000, 0x00000000eab00000)
  object space 68608K, 33% used [0x00000000c0000000,0x00000000c168b1c8,0x00000000c4300000)
 Metaspace       used 44028K, committed 44672K, reserved 1089536K
  class space    used 4770K, committed 5120K, reserved 1048576K
}
Event: 11.304 GC heap before
{Heap before GC invocations=14 (full 2):
 PSYoungGen      total 25088K, used 24832K [0x00000000eab00000, 0x00000000eca80000, 0x0000000100000000)
  eden space 22528K, 100% used [0x00000000eab00000,0x00000000ec100000,0x00000000ec100000)
  from space 2560K, 90% used [0x00000000ec380000,0x00000000ec5c0010,0x00000000ec600000)
  to   space 3584K, 0% used [0x00000000ec700000,0x00000000ec700000,0x00000000eca80000)
 ParOldGen       total 68608K, used 23084K [0x00000000c0000000, 0x00000000c4300000, 0x00000000eab00000)
  object space 68608K, 33% used [0x00000000c0000000,0x00000000c168b1c8,0x00000000c4300000)
 Metaspace       used 44368K, committed 45056K, reserved 1089536K
  class space    used 4789K, committed 5120K, reserved 1048576K
}
Event: 11.311 GC heap after
{Heap after GC invocations=14 (full 2):
 PSYoungGen      total 24576K, used 2496K [0x00000000eab00000, 0x00000000ec980000, 0x0000000100000000)
  eden space 22016K, 0% used [0x00000000eab00000,0x00000000eab00000,0x00000000ec080000)
  from space 2560K, 97% used [0x00000000ec700000,0x00000000ec970000,0x00000000ec980000)
  to   space 3072K, 0% used [0x00000000ec380000,0x00000000ec380000,0x00000000ec680000)
 ParOldGen       total 68608K, used 25324K [0x00000000c0000000, 0x00000000c4300000, 0x00000000eab00000)
  object space 68608K, 36% used [0x00000000c0000000,0x00000000c18bb1d8,0x00000000c4300000)
 Metaspace       used 44368K, committed 45056K, reserved 1089536K
  class space    used 4789K, committed 5120K, reserved 1048576K
}

