# JRE version: Java(TM) SE Runtime Environment (16.0.2+7) (build 16.0.2+7-67)
# Java VM: Java HotSpot(TM) 64-Bit Server VM (16.0.2+7-67, mixed mode, sharing, tiered, compressed oops, compressed class ptrs, g1 gc, windows-amd64)
GC Precious Log:
 CPUs: 4 total, 4 available
 Memory: 4007M
 Large Page Support: Disabled
 NUMA Support: Disabled
 Compressed Oops: Enabled (32-bit)
 Heap Region Size: 1M
 Heap Min Capacity: 8M
 Heap Initial Capacity: 64M
 Heap Max Capacity: 1002M
 Pre-touch: Disabled
 Parallel Workers: 4
 Concurrent Workers: 1
 Concurrent Refinement Workers: 4
 Periodic GC: Disabled
Heap:
 garbage-first heap   total 65536K, used 36391K [0x00000000c1600000, 0x0000000100000000)
  region size 1024K, 21 young (21504K), 3 survivors (3072K)
 Metaspace       used 15405K, committed 15616K, reserved 1064960K
  class space    used 2201K, committed 2304K, reserved 1048576K
GC Heap History (6 events):
Event: 5.348 GC heap before
{Heap before GC invocations=0 (full 0):
 garbage-first heap   total 65536K, used 13312K [0x00000000c1600000, 0x0000000100000000)
  region size 1024K, 13 young (13312K), 0 survivors (0K)
 Metaspace       used 2476K, committed 2688K, reserved 1056768K
  class space    used 255K, committed 384K, reserved 1048576K
}
Event: 5.414 GC heap after
{Heap after GC invocations=1 (full 0):
 garbage-first heap   total 65536K, used 1621K [0x00000000c1600000, 0x0000000100000000)
  region size 1024K, 2 young (2048K), 2 survivors (2048K)
 Metaspace       used 2476K, committed 2688K, reserved 1056768K
  class space    used 255K, committed 384K, reserved 1048576K
}
Event: 11.030 GC heap before
{Heap before GC invocations=1 (full 0):
 garbage-first heap   total 65536K, used 13909K [0x00000000c1600000, 0x0000000100000000)
  region size 1024K, 15 young (15360K), 2 survivors (2048K)
 Metaspace       used 6793K, committed 7040K, reserved 1056768K
  class space    used 795K, committed 896K, reserved 1048576K
}
Event: 11.038 GC heap after
{Heap after GC invocations=2 (full 0):
 garbage-first heap   total 65536K, used 4920K [0x00000000c1600000, 0x0000000100000000)
  region size 1024K, 2 young (2048K), 2 survivors (2048K)
 Metaspace       used 6793K, committed 7040K, reserved 1056768K
  class space    used 795K, committed 896K, reserved 1048576K
}
Event: 13.498 GC heap before
{Heap before GC invocations=2 (full 0):
 garbage-first heap   total 65536K, used 32568K [0x00000000c1600000, 0x0000000100000000)
  region size 1024K, 19 young (19456K), 2 survivors (2048K)
 Metaspace       used 11170K, committed 11392K, reserved 1064960K
  class space    used 1466K, committed 1536K, reserved 1048576K
}
Event: 13.528 GC heap after
{Heap after GC invocations=3 (full 0):
 garbage-first heap   total 65536K, used 17959K [0x00000000c1600000, 0x0000000100000000)
  region size 1024K, 3 young (3072K), 3 survivors (3072K)
 Metaspace       used 11170K, committed 11392K, reserved 1064960K
  class space    used 1466K, committed 1536K, reserved 1048576K
}

